{
  "RSpec": {
    "coverage": {
      "/Users/Student/Projects/tech-tests/bank-tech-test/spec/features/print_statement_spec.rb": {
        "lines": [
          null,
          null,
          1,
          null,
          1,
          1,
          1,
          1,
          1,
          1,
          1,
          null,
          null,
          null,
          null,
          null,
          2,
          null,
          null,
          1,
          1,
          1,
          1,
          1,
          null,
          null,
          null,
          null,
          2,
          null,
          null
        ]
      },
      "/Users/Student/Projects/tech-tests/bank-tech-test/lib/account.rb": {
        "lines": [
          null,
          null,
          1,
          1,
          null,
          null,
          1,
          1,
          null,
          1,
          5,
          5,
          5,
          5,
          null,
          null,
          1,
          4,
          4,
          null,
          null,
          1,
          5,
          5,
          null,
          null,
          1,
          3,
          3,
          null,
          null,
          1,
          null,
          1,
          9,
          9,
          null,
          null,
          1,
          9,
          null,
          null
        ]
      },
      "/Users/Student/Projects/tech-tests/bank-tech-test/lib/transaction.rb": {
        "lines": [
          null,
          null,
          null,
          1,
          1,
          null,
          1,
          9,
          9,
          9,
          null,
          null,
          1,
          14,
          null,
          null,
          1,
          7,
          7,
          7,
          null,
          null
        ]
      },
      "/Users/Student/Projects/tech-tests/bank-tech-test/lib/statement.rb": {
        "lines": [
          null,
          null,
          null,
          1,
          1,
          3,
          3,
          7,
          null,
          3,
          null,
          null,
          1,
          null,
          1,
          3,
          null,
          null,
          1,
          7,
          7,
          7,
          7,
          null,
          null,
          1,
          7,
          7,
          28,
          null,
          7,
          null,
          null,
          1,
          28,
          14,
          null,
          null
        ]
      },
      "/Users/Student/Projects/tech-tests/bank-tech-test/spec/units/account_spec.rb": {
        "lines": [
          null,
          null,
          1,
          null,
          1,
          1,
          1,
          4,
          null,
          1,
          1,
          2,
          4,
          null,
          null,
          null,
          1,
          1,
          2,
          4,
          null,
          null,
          null,
          1,
          1,
          null,
          null,
          2,
          1,
          2,
          1,
          2,
          null,
          null,
          null
        ]
      },
      "/Users/Student/Projects/tech-tests/bank-tech-test/spec/units/statement_spec.rb": {
        "lines": [
          null,
          null,
          1,
          null,
          1,
          1,
          null,
          1,
          1,
          null,
          null,
          null,
          1,
          1,
          1,
          null,
          null,
          null
        ]
      },
      "/Users/Student/Projects/tech-tests/bank-tech-test/spec/units/transaction_spec.rb": {
        "lines": [
          null,
          null,
          1,
          null,
          1,
          3,
          3,
          null,
          1,
          1,
          1,
          null,
          null,
          1,
          1,
          null,
          null,
          null,
          1,
          1,
          1,
          1,
          null,
          null,
          1,
          1,
          1,
          null,
          null,
          null
        ]
      }
    },
    "timestamp": 1613084211
  }
}
