{
  "RSpec": {
    "coverage": {
      "/Users/Student/Projects/tech-tests/bank-tech-test/spec/units/account_spec.rb": {
        "lines": [
          1,
          1,
          1,
          null,
          1,
          1,
          null,
          1,
          1,
          2,
          4,
          null,
          null,
          null,
          1,
          1,
          2,
          4,
          null,
          null,
          null,
          1,
          1,
          2,
          1,
          2,
          1,
          1,
          1,
          1,
          2,
          null,
          null,
          null
        ]
      },
      "/Users/Student/Projects/tech-tests/bank-tech-test/lib/account.rb": {
        "lines": [
          1,
          null,
          null,
          1,
          1,
          null,
          1,
          3,
          3,
          3,
          3,
          null,
          null,
          1,
          2,
          2,
          null,
          null,
          1,
          2,
          2,
          null,
          null,
          1,
          1,
          3,
          1,
          1,
          null,
          null,
          1,
          null,
          1,
          1,
          null,
          null,
          1,
          2,
          2,
          2,
          2,
          1,
          null,
          1,
          null,
          2,
          null,
          null,
          1,
          2,
          1,
          null,
          1,
          null,
          null,
          null,
          1,
          2,
          null,
          null
        ]
      },
      "/Users/Student/Projects/tech-tests/bank-tech-test/lib/transaction.rb": {
        "lines": [
          null,
          1,
          1,
          null,
          1,
          2,
          2,
          2,
          null,
          null,
          1,
          2,
          null,
          null
        ]
      },
      "/Users/Student/Projects/tech-tests/bank-tech-test/spec/units/transaction_spec.rb": {
        "lines": [
          1,
          null,
          1,
          2,
          2,
          null,
          1,
          1,
          1,
          null,
          null,
          1,
          1,
          null,
          null,
          null
        ]
      }
    },
    "timestamp": 1612805343
  }
}
